<?xml version="1.0" encoding="UTF-8"?>
<beans xmlns="http://www.springframework.org/schema/beans"
       xmlns:xsi="http://www.w3.org/2001/XMLSchema-instance"
       xmlns:context="http://www.springframework.org/schema/context"
       xmlns:util="http://www.springframework.org/schema/util"
       xsi:schemaLocation="http://www.springframework.org/schema/beans http://www.springframework.org/schema/beans/spring-beans-3.2.xsd
       http://www.springframework.org/schema/context http://www.springframework.org/schema/context/spring-context.xsd
       http://www.springframework.org/schema/util http://www.springframework.org/schema/util/spring-util.xsd">

    <bean id="appConfigDefinitionProvider" class="eionet.propertyplaceholderresolver.ConfigurationDefinitionProviderImpl">
        <constructor-arg index="0">
            <array>
                <value>env.properties</value>
                <value>acl.properties</value>
                <value>gdem.properties</value>
                <value>eionetdir.properties</value>
                <value>CatalogManager.properties</value>
                <value>fme.properties</value>
                <value>ApplicationResources.properties</value>
            </array>
        </constructor-arg>
    </bean>

    <bean id="configurationPropertyResolver" class="eionet.propertyplaceholderresolver.ConfigurationPropertyResolverImpl">
        <constructor-arg ref="appConfigDefinitionProvider" />
    </bean>

    <bean id="configurationPostProcessor" class="eionet.propertyplaceholderresolver.spring.EionetPlaceholderConfigurer">
        <constructor-arg ref="configurationPropertyResolver" />
    </bean>
    <!--<bean id="dataSource" class="com.zaxxer.hikari.HikariDataSource" destroy-method="close">
        <constructor-arg ref="hikariConfig" />
    </bean>

    <bean id="hikariConfig" class="com.zaxxer.hikari.HikariConfig">
        <property name="poolName" value="springHikariCP" />
        <property name="minimumIdle" value="5"/>
        <property name="maximumPoolSize" value="30"/>
        <property name="connectionTestQuery" value="SELECT 1 FROM DUAL"/>
        <property name="initializationFailFast" value="true" />
        <property name="dataSourceClassName" value="com.mysql.jdbc.jdbc2.optional.MysqlDataSource" />
        <property name="dataSourceProperties">
            <props>
                <prop key="url">${test.db.jdbcurl}</prop>
                <prop key="user">${test.db.user}</prop>
                <prop key="password">${test.db.password}</prop>
                <prop key="cachePrepStmts">true</prop>
                <prop key="prepStmtCacheSize">250</prop>
                <prop key="prepStmtCacheSqlLimit">2048</prop>
            </props>
        </property>
    </bean>-->

    <bean name="dataSource" class="org.springframework.jdbc.datasource.SingleConnectionDataSource">
        <property name="driverClassName" value="${test.db.driver}" />
        <property name="username" value="${test.db.user}" />
        <property name="password" value="${test.db.password}" />
        <property name="url" value="${test.db.jdbcurl}" />
        <property name="suppressClose" value="true" />
    </bean>


    <bean name="databaseTester" class="org.dbunit.DataSourceDatabaseTester">
        <constructor-arg ref="dataSource" />
    </bean>

    <bean id="aclProperties" class="eionet.acl.AclProperties">
        <property name="ownerPermission" value="${owner.permission}" />
        <property name="anonymousAccess" value="${anonymous.access}" />
        <property name="authenticatedAccess" value="${authenticated.access}" />
        <property name="defaultdocPermissions" value="${defaultdoc.permissions}" />
        <property name="persistenceProvider" value="${persistence.provider}" />
        <property name="initialAdmin" value="${initial.admin}" />
        <property name="fileAclfolder" value="${file.aclfolder}" />
        <property name="fileLocalusers" value="${file.localgroups}" />
        <property name="fileLocalgroups" value="${file.localgroups}" />
        <property name="filePermissions" value="${file.permissions}" />
        <property name="dbDriver" value="${acl.db.driver}" />
        <property name="dbUrl" value="${acl.db.url}" />
        <property name="dbUser" value="${acl.db.user}" />
        <property name="dbPwd" value="${acl.db.pwd}" />
    </bean>

    <bean id="accessController" class="eionet.acl.AccessController">
        <constructor-arg index="0" ref="aclProperties" />
    </bean>

    <!-- Runs on Tomcat startup. -->
    <bean id="liquibase" class="liquibase.integration.spring.SpringLiquibase">
        <property name="dataSource" ref="dataSource" />
        <property name="changeLog" value="classpath:db/xmlconv-struct.xml" />
    </bean>

</beans>