<?xml version="1.0" encoding="UTF-8"?>
<beans xmlns="http://www.springframework.org/schema/beans"
       xmlns:xsi="http://www.w3.org/2001/XMLSchema-instance"
       xmlns:context="http://www.springframework.org/schema/context"
       xmlns:util="http://www.springframework.org/schema/util"
       xsi:schemaLocation="http://www.springframework.org/schema/beans http://www.springframework.org/schema/beans/spring-beans-3.2.xsd
       http://www.springframework.org/schema/context http://www.springframework.org/schema/context/spring-context.xsd
       http://www.springframework.org/schema/util http://www.springframework.org/schema/util/spring-util.xsd">

    <context:property-placeholder location="classpath:gdem.properties" />

    <bean id="dataSource" class="com.zaxxer.hikari.HikariDataSource" destroy-method="close">
        <constructor-arg ref="hikariConfig" />
    </bean>

    <bean id="hikariConfig" class="com.zaxxer.hikari.HikariConfig">
        <property name="poolName" value="springHikariCP" />
        <property name="connectionTestQuery" value="SELECT 1" />
        <property name="dataSourceClassName" value="com.mysql.jdbc.jdbc2.optional.MysqlDataSource" />
        <property name="dataSourceProperties">
            <props>
                <prop key="url">${test.db.jdbcurl}</prop>
                <prop key="user">${test.db.user}</prop>
                <prop key="password">${test.db.password}</prop>
            </props>
        </property>
    </bean>

    <bean name="databaseTester" class="org.dbunit.DataSourceDatabaseTester">
        <constructor-arg ref="dataSource" />
    </bean>
</beans>