<?xml version="1.0" encoding="UTF-8"?>
<beans xmlns="http://www.springframework.org/schema/beans"
       xmlns:xsi="http://www.w3.org/2001/XMLSchema-instance"
       xmlns:context="http://www.springframework.org/schema/context"
       xmlns:util="http://www.springframework.org/schema/util"
       xsi:schemaLocation="http://www.springframework.org/schema/beans http://www.springframework.org/schema/beans/spring-beans-3.2.xsd
       http://www.springframework.org/schema/context http://www.springframework.org/schema/context/spring-context.xsd
       http://www.springframework.org/schema/util http://www.springframework.org/schema/util/spring-util.xsd">

    <context:property-placeholder location="classpath:gdem.properties" />

    <bean id="dataSource" class="org.apache.commons.dbcp.BasicDataSource"
          destroy-method="close">
        <property name="driverClassName" value="${test.db.driver}" />
        <property name="url" value="${test.db.jdbcurl}" />
        <property name="username" value="${test.db.user}" />
        <property name="password" value="${test.db.password}" />
        <!-- The following two properties required because MySQL kills idle
        connections after 8 hours. -->
        <property name="validationQuery" value="SELECT 1" />
        <property name="testOnBorrow" value="true" />
    </bean>

    <bean name="databaseTester" class="org.dbunit.DataSourceDatabaseTester">
        <constructor-arg ref="dataSource" />
    </bean>
       <bean id="appConfigDefinitionProvider" class="eionet.propertyplaceholderresolver.ConfigurationDefinitionProviderImpl">
        <constructor-arg index="0">
            <array>
                <value>acl.properties</value>
                <value>gdem.properties</value>
                <value>eionetdir.properties</value>
                <value>CatalogManager.properties</value>
                <value>fme.properties</value>
                <value>ApplicationResources.properties</value>
            </array>
        </constructor-arg>
    </bean>
    
    <bean id="configurationPropertyResolver" class="eionet.propertyplaceholderresolver.ConfigurationPropertyResolverImpl">
        <constructor-arg ref="appConfigDefinitionProvider" />
    </bean>
    
    <bean id="configurationPostProcessor" class="eionet.propertyplaceholderresolver.spring.EionetPlaceholderConfigurer">
        <constructor-arg ref="configurationPropertyResolver" />
    </bean>
    <bean id="accessControllerInit" class="eionet.acl.AccessController">
        <constructor-arg index="0" ref="configurationPropertyResolver" />
    </bean>
</beans>